[2022-06-20 02:27:23] local.ERROR: Maximum execution time of 30 seconds exceeded {"exception":"[object] (Symfony\\Component\\ErrorHandler\\Error\\FatalError(code: 0): Maximum execution time of 30 seconds exceeded at C:\\xampp\\htdocs\\ddsbe\\vendor\\illuminate\\support\\Traits\\Conditionable.php:5)
[stacktrace]
#0 {main}
"} 
[2022-06-20 02:31:42] local.ERROR: SQLSTATE[22001]: String data, right truncated: 1406 Data too long for column 'username' at row 1 (SQL: update `tbluser` set `username` = Ashly John Gwapo where `id` = 1) {"exception":"[object] (Illuminate\\Database\\QueryException(code: 22001): SQLSTATE[22001]: String data, right truncated: 1406 Data too long for column 'username' at row 1 (SQL: update `tbluser` set `username` = Ashly John Gwapo where `id` = 1) at C:\\xampp\\htdocs\\ddsbe\\vendor\\illuminate\\database\\Connection.php:712)
[stacktrace]
#0 C:\\xampp\\htdocs\\ddsbe\\vendor\\illuminate\\database\\Connection.php(672): Illuminate\\Database\\Connection->runQueryCallback('update `tbluser...', Array, Object(Closure))
#1 C:\\xampp\\htdocs\\ddsbe\\vendor\\illuminate\\database\\Connection.php(533): Illuminate\\Database\\Connection->run('update `tbluser...', Array, Object(Closure))
#2 C:\\xampp\\htdocs\\ddsbe\\vendor\\illuminate\\database\\Connection.php(466): Illuminate\\Database\\Connection->affectingStatement('update `tbluser...', Array)
#3 C:\\xampp\\htdocs\\ddsbe\\vendor\\illuminate\\database\\Query\\Builder.php(3063): Illuminate\\Database\\Connection->update('update `tbluser...', Array)
#4 C:\\xampp\\htdocs\\ddsbe\\vendor\\illuminate\\database\\Eloquent\\Builder.php(921): Illuminate\\Database\\Query\\Builder->update(Array)
#5 C:\\xampp\\htdocs\\ddsbe\\vendor\\illuminate\\database\\Eloquent\\Model.php(1072): Illuminate\\Database\\Eloquent\\Builder->update(Array)
#6 C:\\xampp\\htdocs\\ddsbe\\vendor\\illuminate\\database\\Eloquent\\Model.php(987): Illuminate\\Database\\Eloquent\\Model->performUpdate(Object(Illuminate\\Database\\Eloquent\\Builder))
#7 C:\\xampp\\htdocs\\ddsbe\\app\\Http\\Controllers\\UserController.php(87): Illuminate\\Database\\Eloquent\\Model->save()
#8 C:\\xampp\\htdocs\\ddsbe\\vendor\\illuminate\\container\\BoundMethod.php(36): App\\Http\\Controllers\\UserController->update(Object(Laravel\\Lumen\\Http\\Request), '1')
#9 C:\\xampp\\htdocs\\ddsbe\\vendor\\illuminate\\container\\Util.php(40): Illuminate\\Container\\BoundMethod::Illuminate\\Container\\{closure}()
#10 C:\\xampp\\htdocs\\ddsbe\\vendor\\illuminate\\container\\BoundMethod.php(93): Illuminate\\Container\\Util::unwrapIfClosure(Object(Closure))
#11 C:\\xampp\\htdocs\\ddsbe\\vendor\\illuminate\\container\\BoundMethod.php(37): Illuminate\\Container\\BoundMethod::callBoundMethod(Object(Laravel\\Lumen\\Application), Array, Object(Closure))
#12 C:\\xampp\\htdocs\\ddsbe\\vendor\\illuminate\\container\\Container.php(653): Illuminate\\Container\\BoundMethod::call(Object(Laravel\\Lumen\\Application), Array, Array, NULL)
#13 C:\\xampp\\htdocs\\ddsbe\\vendor\\laravel\\lumen-framework\\src\\Concerns\\RoutesRequests.php(389): Illuminate\\Container\\Container->call(Array, Array)
#14 C:\\xampp\\htdocs\\ddsbe\\vendor\\laravel\\lumen-framework\\src\\Concerns\\RoutesRequests.php(355): Laravel\\Lumen\\Application->callControllerCallable(Array, Array)
#15 C:\\xampp\\htdocs\\ddsbe\\vendor\\laravel\\lumen-framework\\src\\Concerns\\RoutesRequests.php(329): Laravel\\Lumen\\Application->callLumenController(Object(App\\Http\\Controllers\\UserController), 'update', Array)
#16 C:\\xampp\\htdocs\\ddsbe\\vendor\\laravel\\lumen-framework\\src\\Concerns\\RoutesRequests.php(282): Laravel\\Lumen\\Application->callControllerAction(Array)
#17 C:\\xampp\\htdocs\\ddsbe\\vendor\\laravel\\lumen-framework\\src\\Concerns\\RoutesRequests.php(267): Laravel\\Lumen\\Application->callActionOnArrayBasedRoute(Array)
#18 C:\\xampp\\htdocs\\ddsbe\\vendor\\laravel\\lumen-framework\\src\\Concerns\\RoutesRequests.php(237): Laravel\\Lumen\\Application->handleFoundRoute(Array)
#19 C:\\xampp\\htdocs\\ddsbe\\vendor\\laravel\\lumen-framework\\src\\Concerns\\RoutesRequests.php(173): Laravel\\Lumen\\Application->handleDispatcherResponse(Array)
#20 C:\\xampp\\htdocs\\ddsbe\\vendor\\laravel\\lumen-framework\\src\\Concerns\\RoutesRequests.php(429): Laravel\\Lumen\\Application->Laravel\\Lumen\\Concerns\\{closure}(Object(Laravel\\Lumen\\Http\\Request))
#21 C:\\xampp\\htdocs\\ddsbe\\vendor\\laravel\\lumen-framework\\src\\Concerns\\RoutesRequests.php(175): Laravel\\Lumen\\Application->sendThroughPipeline(Array, Object(Closure))
#22 C:\\xampp\\htdocs\\ddsbe\\vendor\\laravel\\lumen-framework\\src\\Concerns\\RoutesRequests.php(112): Laravel\\Lumen\\Application->dispatch(NULL)
#23 C:\\xampp\\htdocs\\ddsbe\\public\\index.php(28): Laravel\\Lumen\\Application->run()
#24 {main}

[previous exception] [object] (PDOException(code: 22001): SQLSTATE[22001]: String data, right truncated: 1406 Data too long for column 'username' at row 1 at C:\\xampp\\htdocs\\ddsbe\\vendor\\illuminate\\database\\Connection.php:526)
[stacktrace]
#0 C:\\xampp\\htdocs\\ddsbe\\vendor\\illuminate\\database\\Connection.php(526): PDOStatement->execute()
#1 C:\\xampp\\htdocs\\ddsbe\\vendor\\illuminate\\database\\Connection.php(705): Illuminate\\Database\\Connection->Illuminate\\Database\\{closure}('update `tbluser...', Array)
#2 C:\\xampp\\htdocs\\ddsbe\\vendor\\illuminate\\database\\Connection.php(672): Illuminate\\Database\\Connection->runQueryCallback('update `tbluser...', Array, Object(Closure))
#3 C:\\xampp\\htdocs\\ddsbe\\vendor\\illuminate\\database\\Connection.php(533): Illuminate\\Database\\Connection->run('update `tbluser...', Array, Object(Closure))
#4 C:\\xampp\\htdocs\\ddsbe\\vendor\\illuminate\\database\\Connection.php(466): Illuminate\\Database\\Connection->affectingStatement('update `tbluser...', Array)
#5 C:\\xampp\\htdocs\\ddsbe\\vendor\\illuminate\\database\\Query\\Builder.php(3063): Illuminate\\Database\\Connection->update('update `tbluser...', Array)
#6 C:\\xampp\\htdocs\\ddsbe\\vendor\\illuminate\\database\\Eloquent\\Builder.php(921): Illuminate\\Database\\Query\\Builder->update(Array)
#7 C:\\xampp\\htdocs\\ddsbe\\vendor\\illuminate\\database\\Eloquent\\Model.php(1072): Illuminate\\Database\\Eloquent\\Builder->update(Array)
#8 C:\\xampp\\htdocs\\ddsbe\\vendor\\illuminate\\database\\Eloquent\\Model.php(987): Illuminate\\Database\\Eloquent\\Model->performUpdate(Object(Illuminate\\Database\\Eloquent\\Builder))
#9 C:\\xampp\\htdocs\\ddsbe\\app\\Http\\Controllers\\UserController.php(87): Illuminate\\Database\\Eloquent\\Model->save()
#10 C:\\xampp\\htdocs\\ddsbe\\vendor\\illuminate\\container\\BoundMethod.php(36): App\\Http\\Controllers\\UserController->update(Object(Laravel\\Lumen\\Http\\Request), '1')
#11 C:\\xampp\\htdocs\\ddsbe\\vendor\\illuminate\\container\\Util.php(40): Illuminate\\Container\\BoundMethod::Illuminate\\Container\\{closure}()
#12 C:\\xampp\\htdocs\\ddsbe\\vendor\\illuminate\\container\\BoundMethod.php(93): Illuminate\\Container\\Util::unwrapIfClosure(Object(Closure))
#13 C:\\xampp\\htdocs\\ddsbe\\vendor\\illuminate\\container\\BoundMethod.php(37): Illuminate\\Container\\BoundMethod::callBoundMethod(Object(Laravel\\Lumen\\Application), Array, Object(Closure))
#14 C:\\xampp\\htdocs\\ddsbe\\vendor\\illuminate\\container\\Container.php(653): Illuminate\\Container\\BoundMethod::call(Object(Laravel\\Lumen\\Application), Array, Array, NULL)
#15 C:\\xampp\\htdocs\\ddsbe\\vendor\\laravel\\lumen-framework\\src\\Concerns\\RoutesRequests.php(389): Illuminate\\Container\\Container->call(Array, Array)
#16 C:\\xampp\\htdocs\\ddsbe\\vendor\\laravel\\lumen-framework\\src\\Concerns\\RoutesRequests.php(355): Laravel\\Lumen\\Application->callControllerCallable(Array, Array)
#17 C:\\xampp\\htdocs\\ddsbe\\vendor\\laravel\\lumen-framework\\src\\Concerns\\RoutesRequests.php(329): Laravel\\Lumen\\Application->callLumenController(Object(App\\Http\\Controllers\\UserController), 'update', Array)
#18 C:\\xampp\\htdocs\\ddsbe\\vendor\\laravel\\lumen-framework\\src\\Concerns\\RoutesRequests.php(282): Laravel\\Lumen\\Application->callControllerAction(Array)
#19 C:\\xampp\\htdocs\\ddsbe\\vendor\\laravel\\lumen-framework\\src\\Concerns\\RoutesRequests.php(267): Laravel\\Lumen\\Application->callActionOnArrayBasedRoute(Array)
#20 C:\\xampp\\htdocs\\ddsbe\\vendor\\laravel\\lumen-framework\\src\\Concerns\\RoutesRequests.php(237): Laravel\\Lumen\\Application->handleFoundRoute(Array)
#21 C:\\xampp\\htdocs\\ddsbe\\vendor\\laravel\\lumen-framework\\src\\Concerns\\RoutesRequests.php(173): Laravel\\Lumen\\Application->handleDispatcherResponse(Array)
#22 C:\\xampp\\htdocs\\ddsbe\\vendor\\laravel\\lumen-framework\\src\\Concerns\\RoutesRequests.php(429): Laravel\\Lumen\\Application->Laravel\\Lumen\\Concerns\\{closure}(Object(Laravel\\Lumen\\Http\\Request))
#23 C:\\xampp\\htdocs\\ddsbe\\vendor\\laravel\\lumen-framework\\src\\Concerns\\RoutesRequests.php(175): Laravel\\Lumen\\Application->sendThroughPipeline(Array, Object(Closure))
#24 C:\\xampp\\htdocs\\ddsbe\\vendor\\laravel\\lumen-framework\\src\\Concerns\\RoutesRequests.php(112): Laravel\\Lumen\\Application->dispatch(NULL)
#25 C:\\xampp\\htdocs\\ddsbe\\public\\index.php(28): Laravel\\Lumen\\Application->run()
#26 {main}
"} 
[2022-06-20 02:31:49] local.ERROR: Maximum execution time of 30 seconds exceeded {"exception":"[object] (Symfony\\Component\\ErrorHandler\\Error\\FatalError(code: 0): Maximum execution time of 30 seconds exceeded at C:\\xampp\\htdocs\\ddsbe\\vendor\\symfony\\error-handler\\ErrorRenderer\\HtmlErrorRenderer.php:271)
[stacktrace]
#0 {main}
"} 
[2022-06-20 02:32:16] local.ERROR: SQLSTATE[22001]: String data, right truncated: 1406 Data too long for column 'username' at row 1 (SQL: update `tbluser` set `username` = Ashly John Gwapo where `id` = 1) {"exception":"[object] (Illuminate\\Database\\QueryException(code: 22001): SQLSTATE[22001]: String data, right truncated: 1406 Data too long for column 'username' at row 1 (SQL: update `tbluser` set `username` = Ashly John Gwapo where `id` = 1) at C:\\xampp\\htdocs\\ddsbe\\vendor\\illuminate\\database\\Connection.php:712)
[stacktrace]
#0 C:\\xampp\\htdocs\\ddsbe\\vendor\\illuminate\\database\\Connection.php(672): Illuminate\\Database\\Connection->runQueryCallback('update `tbluser...', Array, Object(Closure))
#1 C:\\xampp\\htdocs\\ddsbe\\vendor\\illuminate\\database\\Connection.php(533): Illuminate\\Database\\Connection->run('update `tbluser...', Array, Object(Closure))
#2 C:\\xampp\\htdocs\\ddsbe\\vendor\\illuminate\\database\\Connection.php(466): Illuminate\\Database\\Connection->affectingStatement('update `tbluser...', Array)
#3 C:\\xampp\\htdocs\\ddsbe\\vendor\\illuminate\\database\\Query\\Builder.php(3063): Illuminate\\Database\\Connection->update('update `tbluser...', Array)
#4 C:\\xampp\\htdocs\\ddsbe\\vendor\\illuminate\\database\\Eloquent\\Builder.php(921): Illuminate\\Database\\Query\\Builder->update(Array)
#5 C:\\xampp\\htdocs\\ddsbe\\vendor\\illuminate\\database\\Eloquent\\Model.php(1072): Illuminate\\Database\\Eloquent\\Builder->update(Array)
#6 C:\\xampp\\htdocs\\ddsbe\\vendor\\illuminate\\database\\Eloquent\\Model.php(987): Illuminate\\Database\\Eloquent\\Model->performUpdate(Object(Illuminate\\Database\\Eloquent\\Builder))
#7 C:\\xampp\\htdocs\\ddsbe\\app\\Http\\Controllers\\UserController.php(87): Illuminate\\Database\\Eloquent\\Model->save()
#8 C:\\xampp\\htdocs\\ddsbe\\vendor\\illuminate\\container\\BoundMethod.php(36): App\\Http\\Controllers\\UserController->update(Object(Laravel\\Lumen\\Http\\Request), '1')
#9 C:\\xampp\\htdocs\\ddsbe\\vendor\\illuminate\\container\\Util.php(40): Illuminate\\Container\\BoundMethod::Illuminate\\Container\\{closure}()
#10 C:\\xampp\\htdocs\\ddsbe\\vendor\\illuminate\\container\\BoundMethod.php(93): Illuminate\\Container\\Util::unwrapIfClosure(Object(Closure))
#11 C:\\xampp\\htdocs\\ddsbe\\vendor\\illuminate\\container\\BoundMethod.php(37): Illuminate\\Container\\BoundMethod::callBoundMethod(Object(Laravel\\Lumen\\Application), Array, Object(Closure))
#12 C:\\xampp\\htdocs\\ddsbe\\vendor\\illuminate\\container\\Container.php(653): Illuminate\\Container\\BoundMethod::call(Object(Laravel\\Lumen\\Application), Array, Array, NULL)
#13 C:\\xampp\\htdocs\\ddsbe\\vendor\\laravel\\lumen-framework\\src\\Concerns\\RoutesRequests.php(389): Illuminate\\Container\\Container->call(Array, Array)
#14 C:\\xampp\\htdocs\\ddsbe\\vendor\\laravel\\lumen-framework\\src\\Concerns\\RoutesRequests.php(355): Laravel\\Lumen\\Application->callControllerCallable(Array, Array)
#15 C:\\xampp\\htdocs\\ddsbe\\vendor\\laravel\\lumen-framework\\src\\Concerns\\RoutesRequests.php(329): Laravel\\Lumen\\Application->callLumenController(Object(App\\Http\\Controllers\\UserController), 'update', Array)
#16 C:\\xampp\\htdocs\\ddsbe\\vendor\\laravel\\lumen-framework\\src\\Concerns\\RoutesRequests.php(282): Laravel\\Lumen\\Application->callControllerAction(Array)
#17 C:\\xampp\\htdocs\\ddsbe\\vendor\\laravel\\lumen-framework\\src\\Concerns\\RoutesRequests.php(267): Laravel\\Lumen\\Application->callActionOnArrayBasedRoute(Array)
#18 C:\\xampp\\htdocs\\ddsbe\\vendor\\laravel\\lumen-framework\\src\\Concerns\\RoutesRequests.php(237): Laravel\\Lumen\\Application->handleFoundRoute(Array)
#19 C:\\xampp\\htdocs\\ddsbe\\vendor\\laravel\\lumen-framework\\src\\Concerns\\RoutesRequests.php(173): Laravel\\Lumen\\Application->handleDispatcherResponse(Array)
#20 C:\\xampp\\htdocs\\ddsbe\\vendor\\laravel\\lumen-framework\\src\\Concerns\\RoutesRequests.php(429): Laravel\\Lumen\\Application->Laravel\\Lumen\\Concerns\\{closure}(Object(Laravel\\Lumen\\Http\\Request))
#21 C:\\xampp\\htdocs\\ddsbe\\vendor\\laravel\\lumen-framework\\src\\Concerns\\RoutesRequests.php(175): Laravel\\Lumen\\Application->sendThroughPipeline(Array, Object(Closure))
#22 C:\\xampp\\htdocs\\ddsbe\\vendor\\laravel\\lumen-framework\\src\\Concerns\\RoutesRequests.php(112): Laravel\\Lumen\\Application->dispatch(NULL)
#23 C:\\xampp\\htdocs\\ddsbe\\public\\index.php(28): Laravel\\Lumen\\Application->run()
#24 {main}

[previous exception] [object] (PDOException(code: 22001): SQLSTATE[22001]: String data, right truncated: 1406 Data too long for column 'username' at row 1 at C:\\xampp\\htdocs\\ddsbe\\vendor\\illuminate\\database\\Connection.php:526)
[stacktrace]
#0 C:\\xampp\\htdocs\\ddsbe\\vendor\\illuminate\\database\\Connection.php(526): PDOStatement->execute()
#1 C:\\xampp\\htdocs\\ddsbe\\vendor\\illuminate\\database\\Connection.php(705): Illuminate\\Database\\Connection->Illuminate\\Database\\{closure}('update `tbluser...', Array)
#2 C:\\xampp\\htdocs\\ddsbe\\vendor\\illuminate\\database\\Connection.php(672): Illuminate\\Database\\Connection->runQueryCallback('update `tbluser...', Array, Object(Closure))
#3 C:\\xampp\\htdocs\\ddsbe\\vendor\\illuminate\\database\\Connection.php(533): Illuminate\\Database\\Connection->run('update `tbluser...', Array, Object(Closure))
#4 C:\\xampp\\htdocs\\ddsbe\\vendor\\illuminate\\database\\Connection.php(466): Illuminate\\Database\\Connection->affectingStatement('update `tbluser...', Array)
#5 C:\\xampp\\htdocs\\ddsbe\\vendor\\illuminate\\database\\Query\\Builder.php(3063): Illuminate\\Database\\Connection->update('update `tbluser...', Array)
#6 C:\\xampp\\htdocs\\ddsbe\\vendor\\illuminate\\database\\Eloquent\\Builder.php(921): Illuminate\\Database\\Query\\Builder->update(Array)
#7 C:\\xampp\\htdocs\\ddsbe\\vendor\\illuminate\\database\\Eloquent\\Model.php(1072): Illuminate\\Database\\Eloquent\\Builder->update(Array)
#8 C:\\xampp\\htdocs\\ddsbe\\vendor\\illuminate\\database\\Eloquent\\Model.php(987): Illuminate\\Database\\Eloquent\\Model->performUpdate(Object(Illuminate\\Database\\Eloquent\\Builder))
#9 C:\\xampp\\htdocs\\ddsbe\\app\\Http\\Controllers\\UserController.php(87): Illuminate\\Database\\Eloquent\\Model->save()
#10 C:\\xampp\\htdocs\\ddsbe\\vendor\\illuminate\\container\\BoundMethod.php(36): App\\Http\\Controllers\\UserController->update(Object(Laravel\\Lumen\\Http\\Request), '1')
#11 C:\\xampp\\htdocs\\ddsbe\\vendor\\illuminate\\container\\Util.php(40): Illuminate\\Container\\BoundMethod::Illuminate\\Container\\{closure}()
#12 C:\\xampp\\htdocs\\ddsbe\\vendor\\illuminate\\container\\BoundMethod.php(93): Illuminate\\Container\\Util::unwrapIfClosure(Object(Closure))
#13 C:\\xampp\\htdocs\\ddsbe\\vendor\\illuminate\\container\\BoundMethod.php(37): Illuminate\\Container\\BoundMethod::callBoundMethod(Object(Laravel\\Lumen\\Application), Array, Object(Closure))
#14 C:\\xampp\\htdocs\\ddsbe\\vendor\\illuminate\\container\\Container.php(653): Illuminate\\Container\\BoundMethod::call(Object(Laravel\\Lumen\\Application), Array, Array, NULL)
#15 C:\\xampp\\htdocs\\ddsbe\\vendor\\laravel\\lumen-framework\\src\\Concerns\\RoutesRequests.php(389): Illuminate\\Container\\Container->call(Array, Array)
#16 C:\\xampp\\htdocs\\ddsbe\\vendor\\laravel\\lumen-framework\\src\\Concerns\\RoutesRequests.php(355): Laravel\\Lumen\\Application->callControllerCallable(Array, Array)
#17 C:\\xampp\\htdocs\\ddsbe\\vendor\\laravel\\lumen-framework\\src\\Concerns\\RoutesRequests.php(329): Laravel\\Lumen\\Application->callLumenController(Object(App\\Http\\Controllers\\UserController), 'update', Array)
#18 C:\\xampp\\htdocs\\ddsbe\\vendor\\laravel\\lumen-framework\\src\\Concerns\\RoutesRequests.php(282): Laravel\\Lumen\\Application->callControllerAction(Array)
#19 C:\\xampp\\htdocs\\ddsbe\\vendor\\laravel\\lumen-framework\\src\\Concerns\\RoutesRequests.php(267): Laravel\\Lumen\\Application->callActionOnArrayBasedRoute(Array)
#20 C:\\xampp\\htdocs\\ddsbe\\vendor\\laravel\\lumen-framework\\src\\Concerns\\RoutesRequests.php(237): Laravel\\Lumen\\Application->handleFoundRoute(Array)
#21 C:\\xampp\\htdocs\\ddsbe\\vendor\\laravel\\lumen-framework\\src\\Concerns\\RoutesRequests.php(173): Laravel\\Lumen\\Application->handleDispatcherResponse(Array)
#22 C:\\xampp\\htdocs\\ddsbe\\vendor\\laravel\\lumen-framework\\src\\Concerns\\RoutesRequests.php(429): Laravel\\Lumen\\Application->Laravel\\Lumen\\Concerns\\{closure}(Object(Laravel\\Lumen\\Http\\Request))
#23 C:\\xampp\\htdocs\\ddsbe\\vendor\\laravel\\lumen-framework\\src\\Concerns\\RoutesRequests.php(175): Laravel\\Lumen\\Application->sendThroughPipeline(Array, Object(Closure))
#24 C:\\xampp\\htdocs\\ddsbe\\vendor\\laravel\\lumen-framework\\src\\Concerns\\RoutesRequests.php(112): Laravel\\Lumen\\Application->dispatch(NULL)
#25 C:\\xampp\\htdocs\\ddsbe\\public\\index.php(28): Laravel\\Lumen\\Application->run()
#26 {main}
"} 
